<?xml version="1.0" encoding="UTF-8"?>
<!-- Generated by org.testng.reporters.JUnitReportReporter -->
<testsuite hostname="DESKTOP-LC3PRB2" failures="0" tests="1" name="com.ui.tests.LoginTest_Demo" time="14.709" errors="0" timestamp="2025-08-03T16:47:56 IST" skipped="0">
  <testcase classname="com.ui.tests.LoginTest_Demo" name="loginTest" time="14.709"/>
</testsuite> <!-- com.ui.tests.LoginTest_Demo -->
